<html>
<body>
<pre>
<h1>µVision Build Log</h1>
<h2>Tool Versions:</h2>
IDE-Version: µVision V5.20.0.0
Copyright (C) 2016 ARM Ltd and ARM Germany GmbH. All rights reserved.
License Information: Furkan Mut Furkan.Mut, KTÜ, LIC=----
 
Tool Versions:
Toolchain:       MDK-Lite  Version: 5.20
Toolchain Path:  C:\Keil_v5\ARM\ARMCC\Bin
C Compiler:      Armcc.exe V5.06 update 2 (build 183)
Assembler:       Armasm.exe V5.06 update 2 (build 183)
Linker/Locator:  ArmLink.exe V5.06 update 2 (build 183)
Library Manager: ArmAr.exe V5.06 update 2 (build 183)
Hex Converter:   FromElf.exe V5.06 update 2 (build 183)
CPU DLL:         SARMCM3.DLL V5.20
Dialog DLL:      DCM.DLL V1.13.7.0
Target DLL:      STLink\ST-LINKIII-KEIL_SWO.dll V2.0.18.0
Dialog DLL:      TCM.DLL V1.14.9.0
 
<h2>Project:</h2>
C:\Users\Furkan.Mut\Desktop\PROJEM\1.Board\MDK-ARM\1.Board.uvprojx
Project File Date:  07/22/2016

<h2>Output:</h2>
*** Using Compiler 'V5.06 update 2 (build 183)', folder: 'C:\Keil_v5\ARM\ARMCC\Bin'
Build target '1.Board'
compiling twuarts.c...
..\src\twuarts.c(9): error:  #20: identifier "uint8_t" is undefined
  uint8_t rx1;
..\src\twuarts.c(10): error:  #20: identifier "uint8_t" is undefined
  uint8_t rx4;
..\src\twuarts.c(12): error:  #20: identifier "uint8_t" is undefined
  uint8_t rxBuf1[BUF_SIZE];
..\src\twuarts.c(13): error:  #20: identifier "uint32_t" is undefined
  uint32_t rx1Read = 0, rx1Write = 0;
..\src\twuarts.c(15): error:  #20: identifier "uint8_t" is undefined
  uint8_t rxBuf4[BUF_SIZE];
..\src\twuarts.c(16): error:  #20: identifier "uint32_t" is undefined
  uint32_t rx4Read = 0, rx4Write = 0;
..\src\twuarts.c(22): warning:  #223-D: function "HAL_UART_Receive_IT" declared implicitly
        HAL_UART_Receive_IT(&huart1, &rx1, 1);
..\src\twuarts.c(22): error:  #20: identifier "huart1" is undefined
        HAL_UART_Receive_IT(&huart1, &rx1, 1);
..\src\twuarts.c(23): error:  #20: identifier "huart4" is undefined
        HAL_UART_Receive_IT(&huart4, &rx4, 1);
..\src\twuarts.c(26): error:  #20: identifier "UART_HandleTypeDef" is undefined
  void HAL_UART_RxCpltCallback(UART_HandleTypeDef *huart)
..\src\twuarts.c(28): error:  #20: identifier "huart1" is undefined
        if (huart == &huart1)
..\src\twuarts.c(30): warning:  #223-D: function "WriteToRxBuf1" declared implicitly
                WriteToRxBuf1(rx1);
..\src\twuarts.c(32): warning:  #223-D: function "HAL_UART_Receive_IT" declared implicitly
                HAL_UART_Receive_IT(&huart1, &rx1, 1);
..\src\twuarts.c(34): error:  #20: identifier "huart4" is undefined
        else if (huart == &huart4)
..\src\twuarts.c(36): warning:  #223-D: function "WriteToRxBuf4" declared implicitly
                WriteToRxBuf4(rx4);
..\src\twuarts.c(38): warning:  #223-D: function "HAL_UART_Receive_IT" declared implicitly
                HAL_UART_Receive_IT(&huart4, &rx4, 1);
..\src\twuarts.c(42): error:  #20: identifier "uint8_t" is undefined
  void WriteToRxBuf1(uint8_t add)
..\src\twuarts.c(42): error:  #159: declaration is incompatible with previous "WriteToRxBuf1" (declared at line 30)
  void WriteToRxBuf1(uint8_t add)
..\src\twuarts.c(72): error:  #20: identifier "uint8_t" is undefined
  void WriteToRxBuf4(uint8_t add)
..\src\twuarts.c(72): error:  #159: declaration is incompatible with previous "WriteToRxBuf4" (declared at line 36)
  void WriteToRxBuf4(uint8_t add)
..\src\twuarts.c(103): error:  #20: identifier "bool" is undefined
  bool ReadFromRxBuf1(uint8_t* read)
..\src\twuarts.c(103): error:  #20: identifier "uint8_t" is undefined
  bool ReadFromRxBuf1(uint8_t* read)
..\src\twuarts.c(108): error:  #20: identifier "false" is undefined
                return false;
..\src\twuarts.c(112): warning:  #223-D: function "HAL_NVIC_DisableIRQ" declared implicitly
                HAL_NVIC_DisableIRQ(USART1_IRQn);
..\src\twuarts.c(112): error:  #20: identifier "USART1_IRQn" is undefined
                HAL_NVIC_DisableIRQ(USART1_IRQn);
..\src\twuarts.c(132): warning:  #223-D: function "HAL_NVIC_EnableIRQ" declared implicitly
                HAL_NVIC_EnableIRQ(USART1_IRQn);
..\src\twuarts.c(135): error:  #20: identifier "true" is undefined
        return true;
..\src\twuarts.c(138): error:  #20: identifier "bool" is undefined
  bool ReadFromRxBuf4(uint8_t* read)
..\src\twuarts.c(138): error:  #20: identifier "uint8_t" is undefined
  bool ReadFromRxBuf4(uint8_t* read)
..\src\twuarts.c(143): error:  #20: identifier "false" is undefined
                return false;
..\src\twuarts.c(147): warning:  #223-D: function "HAL_NVIC_DisableIRQ" declared implicitly
                HAL_NVIC_DisableIRQ(UART4_IRQn);
..\src\twuarts.c(147): error:  #20: identifier "UART4_IRQn" is undefined
                HAL_NVIC_DisableIRQ(UART4_IRQn);
..\src\twuarts.c(167): warning:  #223-D: function "HAL_NVIC_EnableIRQ" declared implicitly
                HAL_NVIC_EnableIRQ(UART4_IRQn);
..\src\twuarts.c(170): error:  #20: identifier "true" is undefined
        return true;
..\src\twuarts.c(173): error:  #20: identifier "UART_HandleTypeDef" is undefined
  void HAL_UART_ErrorCallback(UART_HandleTypeDef *huart)
..\src\twuarts.c(175): error:  #20: identifier "huart1" is undefined
        if (huart == &huart1)
..\src\twuarts.c(177): warning:  #223-D: function "printf" declared implicitly
                printf("usart1 error");
..\src\twuarts.c(179): error:  #20: identifier "huart4" is undefined
        else if (huart == &huart4)
..\src\twuarts.c(181): warning:  #223-D: function "printf" declared implicitly
                printf("uart4 error");
..\src\twuarts.c: 11 warnings, 28 errors
"1.Board\1.Board" - 28 Error(s), 11 Warning(s).

<h2>Software Packages used:</h2>

Package Vendor: ARM
                http://www.keil.com/pack/ARM.CMSIS.5.0.0-Beta4.pack
                ARM::CMSIS:CORE:5.0.0
                CMSIS (Cortex Microcontroller Software Interface Standard)
   * Component: CORE Version: 5.0.0

<h2>Collection of Component include folders:</h2>
  C:\Users\Furkan.Mut\Desktop\PROJEM\1.Board\MDK-ARM\RTE
  C:\Keil_v5\ARM\PACK\ARM\CMSIS\5.0.0-Beta4\CMSIS\Include
  C:\Keil_v5\ARM\PACK\Keil\STM32F4xx_DFP\2.9.0\Drivers\CMSIS\Device\ST\STM32F4xx\Include

<h2>Collection of Component Files used:</h2>

   * Component: ARM::CMSIS:CORE:5.0.0
Target not created.
Build Time Elapsed:  00:00:00
</pre>
</body>
</html>
